
ROM used:   1041/8192 (13%)
            1041/8192 (13%) including unused fragments

            1.3 Average locations per line
            20.4 Average locations per statement

RAM used:   11/368 (3%) at main() level
            55/368 (15%) worst case

Stack used: 2 worst case (2 in main + 0 for interrupts)
Stack size: 8

Lines Stmts  %   Files
----- ----- ---  -----
  107    51 100  project - 1.c
   10     0   0  project - 1.h
  661     0   0  E:\PICC\Devices\16F877A.h
----- -----
  778    51 Total

Page ROM  %  RAM   Vol Diff  Functions:
---- --- --- ---   --- ----  ----------
0     20   2    1             @delay_ms1
0     15   1    2   140  2.2  display
0    239  23    4  1707  7.9  MAIN
0     31   3    2             @ITOF
0    117  11   13             @MULFF
0    204  20   14             @DIVFF
0      7   1    0             @const667
0     13   1    1             @SPRINTF
0     86   8    5             @PSTRINGCN7_669
 Inline         5             @FTOSD
0     79   8   13             @DIV3232
0    226  22   13             @PRINTF_L32D_669FPFPF
 Inline         0             @cinit1

Program metrics:
    Functions               2
    Statements              51
    Comments                112
    Volume (V)              2016
    Difficulty (D)          9.4
    Effort to implement (E) 18991
    Time to implement (T)   18 minutes
    Est Delivered Bugs (B)  0
    Cyclomatic Complexity   2
    Maintainability (MI)    41

 Segment     Used  Free
-----------  ----  ----
00000-00003     4  0  
00004-007FF  1037  1007  
00800-00FFF     0  2048  
01000-017FF     0  2048  
01800-01FFF     0  2048  



